DiagnosticsPlugin.exe Information: 0 : [4/2/2016 Thursday 2:22:51 PM] Starting DiagnosticPlugin.exe DiagnosticPlugin-ShutdownEvent DiagnosticPlugin-TotalShutdownEvent -wadVer1v5
DiagnosticsPlugin.exe Error: 0 : [4/2/2016 Thursday 2:22:51 PM] Failed to save IIS Directory state
DiagnosticsPlugin.exe Error: 0 : [4/2/2016 Thursday 2:22:51 PM] System.UnauthorizedAccessException: Filename: redirection.config
Error: Cannot read configuration file due to insufficient permissions


   at Microsoft.Web.Administration.Interop.AppHostWritableAdminManager.GetAdminSection(String bstrSectionName, String bstrSectionPath)
   at Microsoft.Web.Administration.Configuration.GetSectionInternal(ConfigurationSection section, String sectionPath, String locationPath)
   at Microsoft.Web.Administration.ServerManager.SitesSectionCreator()
   at Microsoft.Web.Administration.Lazy.Initialize[T](T& target, CreateInstanceDelegate`1 valueFactory)
   at Microsoft.Web.Administration.ServerManager.SitesCollectionCreator()
   at Microsoft.Web.Administration.Lazy.Initialize[T](T& target, CreateInstanceDelegate`1 valueFactory)
   at Microsoft.Azure.Plugins.Plugin.DiagnosticsPluginManager.SaveIISDirectoryState()
DiagnosticsPlugin.exe Information: 0 : [4/2/2016 Thursday 2:22:51 PM] Starting DiagnosticsPlugin
DiagnosticsPlugin.exe Information: 0 : [4/2/2016 Thursday 2:22:51 PM] Emulator config file set to C:\Users\R Y Yap\Desktop\CSCService\CSCAssignment2Service\CSCAssignment2Service\csx\Debug\roles\WebRole1\approot\diagnostics.wadcfgx
DiagnosticsPlugin.exe Information: 0 : [4/2/2016 Thursday 2:22:51 PM] DiagnosticsStoreRootPath set to: C:\Users\R Y Yap\AppData\Local\dftmp\Resources\653d447b-1ac5-44b3-8d69-026ecdba8c54
DiagnosticsPlugin.exe Information: 0 : [4/2/2016 Thursday 2:22:51 PM] Loading config file: C:\Users\R Y Yap\Desktop\CSCService\CSCAssignment2Service\CSCAssignment2Service\csx\Debug\roles\WebRole1\approot\diagnostics.wadcfgx
DiagnosticsPlugin.exe Information: 0 : [4/2/2016 Thursday 2:22:51 PM] Config file to read: C:\Users\R Y Yap\Desktop\CSCService\CSCAssignment2Service\CSCAssignment2Service\csx\Debug\roles\WebRole1\approot\diagnostics.wadcfgx
DiagnosticsPlugin.exe Information: 0 : [4/2/2016 Thursday 2:22:51 PM] Checking VM Type
DiagnosticsPlugin.exe Information: 0 : [4/2/2016 Thursday 2:22:51 PM] Emulator config file set to C:\Users\R Y Yap\Desktop\CSCService\CSCAssignment2Service\CSCAssignment2Service\csx\Debug\roles\WebRole1\approot\diagnostics.wadcfgx
DiagnosticsPlugin.exe Information: 0 : [4/2/2016 Thursday 2:22:51 PM] Extension set to Emulator Mode
DiagnosticsPlugin.exe Information: 0 : [4/2/2016 Thursday 2:22:51 PM] Reading XML configuration file
DiagnosticsPlugin.exe Information: 0 : [4/2/2016 Thursday 2:22:51 PM] Bypassing private config decryption
DiagnosticsPlugin.exe Information: 0 : [4/2/2016 Thursday 2:22:51 PM] WadCfg is provided in initial configuration. Using that to initialize Diagnostics.
DiagnosticsPlugin.exe Information: 0 : [4/2/2016 Thursday 2:22:51 PM] <PublicConfig xmlns="http://schemas.microsoft.com/ServiceHosting/2010/10/DiagnosticsConfiguration">
  <WadCfg>
    <DiagnosticMonitorConfiguration overallQuotaInMB="4096">
      <DiagnosticInfrastructureLogs scheduledTransferLogLevelFilter="Error" />
      <Logs scheduledTransferPeriod="PT1M" scheduledTransferLogLevelFilter="Error" />
      <Directories scheduledTransferPeriod="PT1M">
        <IISLogs containerName="wad-iis-logfiles" />
        <FailedRequestLogs containerName="wad-failedrequestlogs" />
      </Directories>
      <WindowsEventLog scheduledTransferPeriod="PT1M">
        <DataSource name="Application!*[System[(Level=1 or Level=2 or Level=3)]]" />
        <DataSource name="Windows Azure!*[System[(Level=1 or Level=2 or Level=3 or Level=4)]]" />
      </WindowsEventLog>
      <CrashDumps containerName="wad-crashdumps" dumpType="Mini">
        <CrashDumpConfiguration processName="WaIISHost.exe" />
        <CrashDumpConfiguration processName="WaWorkerHost.exe" />
        <CrashDumpConfiguration processName="w3wp.exe" />
      </CrashDumps>
      <PerformanceCounters scheduledTransferPeriod="PT1M">
        <PerformanceCounterConfiguration counterSpecifier="\Memory\Available MBytes" sampleRate="PT3M" />
        <PerformanceCounterConfiguration counterSpecifier="\Web Service(_Total)\ISAPI Extension Requests/sec" sampleRate="PT3M" />
        <PerformanceCounterConfiguration counterSpecifier="\Web Service(_Total)\Bytes Total/Sec" sampleRate="PT3M" />
        <PerformanceCounterConfiguration counterSpecifier="\ASP.NET Applications(__Total__)\Requests/Sec" sampleRate="PT3M" />
        <PerformanceCounterConfiguration counterSpecifier="\ASP.NET Applications(__Total__)\Errors Total/Sec" sampleRate="PT3M" />
        <PerformanceCounterConfiguration counterSpecifier="\ASP.NET\Requests Queued" sampleRate="PT3M" />
        <PerformanceCounterConfiguration counterSpecifier="\ASP.NET\Requests Rejected" sampleRate="PT3M" />
        <PerformanceCounterConfiguration counterSpecifier="\Processor(_Total)\% Processor Time" sampleRate="PT3M" />
      </PerformanceCounters>
    </DiagnosticMonitorConfiguration>
  </WadCfg>
  <StorageAccount>devstoreaccount1</StorageAccount>
</PublicConfig>
DiagnosticsPlugin.exe Information: 0 : [4/2/2016 Thursday 2:22:51 PM] Private setting is loaded
DiagnosticsPlugin.exe Information: 0 : [4/2/2016 Thursday 2:22:51 PM] Is config json/xml loaded
DiagnosticsPlugin.exe Information: 0 : [4/2/2016 Thursday 2:22:52 PM] Successfully created checkpoint file C:\Users\R Y Yap\AppData\Local\dftmp\Resources\653d447b-1ac5-44b3-8d69-026ecdba8c54\WAD0105\Configuration\Checkpoint.txt
DiagnosticsPlugin.exe Information: 0 : [4/2/2016 Thursday 2:22:52 PM] Will use local resource directory C:\Users\R Y Yap\AppData\Local\dftmp\Resources\653d447b-1ac5-44b3-8d69-026ecdba8c54\WAD0105
DiagnosticsPlugin.exe Information: 0 : [4/2/2016 Thursday 2:22:52 PM] Will use endpoint https://core.windows.net for storage.
DiagnosticsPlugin.exe Information: 0 : [4/2/2016 Thursday 2:22:53 PM] Exception in creating the ServerManager; is IIS installed?
 Error:System.UnauthorizedAccessException: Filename: redirection.config
Error: Cannot read configuration file due to insufficient permissions


   at Microsoft.Web.Administration.Interop.AppHostWritableAdminManager.GetAdminSection(String bstrSectionName, String bstrSectionPath)
   at Microsoft.Web.Administration.Configuration.GetSectionInternal(ConfigurationSection section, String sectionPath, String locationPath)
   at Microsoft.Web.Administration.ServerManager.SitesSectionCreator()
   at Microsoft.Web.Administration.Lazy.Initialize[T](T& target, CreateInstanceDelegate`1 valueFactory)
   at Microsoft.Web.Administration.ServerManager.SitesCollectionCreator()
   at Microsoft.Web.Administration.Lazy.Initialize[T](T& target, CreateInstanceDelegate`1 valueFactory)
   at Microsoft.Azure.Plugins.Plugin.WadConfigProcessor.AddDirectories(EventsType mdsEvents, Directories wadDirectories)
DiagnosticsPlugin.exe Information: 0 : [4/2/2016 Thursday 2:22:53 PM] Running in emulator mode, crash dumps not enabled
DiagnosticsPlugin.exe Information: 0 : [4/2/2016 Thursday 2:22:53 PM] Checking to see if Application Insights extension needs to be configured.
DiagnosticsPlugin.exe Information: 0 : [4/2/2016 Thursday 2:22:54 PM] In emulator mode and using devstore updating XStoreAccount info, command line args: -LocalPath "C:\Users\R Y Yap\AppData\Local\dftmp\Resources\653d447b-1ac5-44b3-8d69-026ecdba8c54\WAD0105"  -ConfigFile "C:\Users\R Y Yap\AppData\Local\dftmp\Resources\653d447b-1ac5-44b3-8d69-026ecdba8c54\WAD0105\Configuration\MaConfig.xml" -ShutDownEvent WADDM-ShutDown-c0a34c0a4e004e4995d13692c37d1b68  -TotalShutDownEvent WADDM-TotalShutDown-c0a34c0a4e004e4995d13692c37d1b68 -InitializedEvent WADM-StartUp-c0a34c0a4e004e4995d13692c37d1b68 -parent 9236 -events -wadVer1v5 -UseProxyServer -XStoreAccounts WadAccount#true#devstoreaccount1#Eby8vdM02xNOcqFlqUwJPLlmEtlCDXJ1OUzFT50uSRZ6IFsuFq2UVErCz4I6tq/K1SZFPTOtr/KBHBeksoGMGw==#http://127.0.0.1:10002#http://127.0.0.1:10001#http://127.0.0.1:10000
DiagnosticsPlugin.exe Information: 0 : [4/2/2016 Thursday 2:23:54 PM] MonAgentHost.exe started
DiagnosticsPlugin.exe Information: 0 : [4/2/2016 Thursday 2:23:54 PM] DiagnoticsPlugin started.
DiagnosticsPlugin.exe Information: 0 : [4/2/2016 Thursday 2:23:54 PM] DiagnoticsPlugin now waiting on events "DiagnosticPlugin-ShutdownEvent", "DiagnosticPlugin-TotalShutdownEvent" or "DiagnosticPlugin-RestartEvent".
